<?xml version="1.0" encoding="UTF-8"?>
<!-- Generated by org.testng.reporters.JUnitReportReporter -->
<testsuite hostname="srinivas" failures="0" tests="1" name="TC_Edit_Customer_004" time="4.693" errors="0" timestamp="2021-06-22T11:49:50 IST" skipped="0">
  <testcase classname="TC_Edit_Customer_004" name="RegistrationSuccessful" time="4.693"/>
  <system-out/>
</testsuite> <!-- TC_Edit_Customer_004 -->
