<?xml version="1.0" encoding="UTF-8"?>
<!-- Generated by org.testng.reporters.JUnitReportReporter -->
<testsuite hostname="srinivas" failures="0" tests="1" name="Oauth2Demo" time="11.119" errors="0" timestamp="2021-06-28T17:29:39 IST" skipped="0">
  <testcase classname="Oauth2Demo" name="GetAccessToken" time="11.119"/>
  <system-out/>
</testsuite> <!-- Oauth2Demo -->
