<?xml version="1.0" encoding="UTF-8"?>
<!-- Generated by org.testng.reporters.JUnitReportReporter -->
<testsuite hostname="srinivas" failures="0" tests="1" name="TC002_POST_Request" time="0.882" errors="0" timestamp="2021-06-08T18:33:33 IST" skipped="0">
  <testcase classname="TC002_POST_Request" name="RegistrationSuccessful" time="0.882"/>
  <system-out/>
</testsuite> <!-- TC002_POST_Request -->
