<?xml version="1.0" encoding="UTF-8"?>
<!-- Generated by org.testng.reporters.JUnitReportReporter -->
<testsuite hostname="srinivas" failures="0" tests="1" name="OauthDemo" time="7.945" errors="0" timestamp="2021-06-29T15:51:45 IST" skipped="0">
  <testcase classname="OauthDemo" name="GetAccessToken" time="7.945"/>
  <system-out/>
</testsuite> <!-- OauthDemo -->
