<?xml version="1.0" encoding="UTF-8"?>
<!-- Generated by org.testng.reporters.JUnitReportReporter -->
<testsuite hostname="srinivas" failures="0" tests="1" name="TC003_GET_Request" time="0.638" errors="0" timestamp="2021-06-08T18:33:33 IST" skipped="0">
  <testcase classname="TC003_GET_Request" name="googleMapTest" time="0.638"/>
  <system-out/>
</testsuite> <!-- TC003_GET_Request -->
