<?xml version="1.0" encoding="UTF-8"?>
<!-- Generated by org.testng.reporters.JUnitReportReporter -->
<testsuite hostname="srinivas" failures="0" tests="1" name="TC001_GET_Request" time="2.938" errors="0" timestamp="2021-06-08T18:33:33 IST" skipped="0">
  <testcase classname="TC001_GET_Request" name="getweatherDetails" time="2.938"/>
  <system-out/>
</testsuite> <!-- TC001_GET_Request -->
